{"level":"http","message":"::1 GET /api/v1/user/register 500 - 2.469 ms"}
{"level":"http","message":"::1 POST /api/v1/user/register 500 - 0.603 ms"}
{"level":"http","message":"::1 POST /api/v1/user/register 500 - 1.496 ms"}
{"level":"http","message":"::1 POST /api/v1/user/register 500 - 0.586 ms"}
{"level":"http","message":"::1 POST /api/v1/user/register 500 - 0.215 ms"}
{"level":"http","message":"::1 POST /api/v1/user/register 500 - 0.319 ms"}
{"level":"http","message":"::1 POST /api/v1/user/register 500 - 1.569 ms"}
{"level":"http","message":"::1 POST /api/v1/user/register 422 - 7.696 ms"}
{"level":"http","message":"::1 POST /api/v1/user/register 422 - 6.378 ms"}
{"level":"http","message":"::1 POST /api/v1/user/register 422 - 11.530 ms"}
{"level":"http","message":"::1 POST /api/v1/user/register 409 - 329.775 ms"}
{"level":"http","message":"::1 POST /api/v1/user/register 409 - 112.547 ms"}
{"level":"http","message":"::1 POST /api/v1/user/register 409 - 135.261 ms"}
{"level":"http","message":"::1 POST /api/v1/user/register 200 - 599.819 ms"}
{"level":"http","message":"::1 POST /api/v1/user/register 200 - 1246.845 ms"}
{"level":"http","message":"::1 POST /api/v1/user/register 200 - 736.107 ms"}
{"level":"http","message":"::1 POST /api/v1/user/register 500 - 555.079 ms"}
{"level":"http","message":"::1 POST /api/v1/user/register 500 - 926.292 ms"}
{"level":"http","message":"::1 POST /api/v1/user/register 200 - 6962.453 ms"}
{"level":"http","message":"::1 GET /api/v1/user/verify-email/2b25db25966211abd3a99bc7a52501cf06942ff2 489 - 4477.269 ms"}
{"level":"http","message":"::1 POST /api/v1/user/register 200 - 8239.297 ms"}
{"level":"http","message":"::1 GET /api/v1/user/verify-email/0d785c8b4e39dff9ac0f61fcc2dd8703af38f29c 489 - 85.112 ms"}
{"level":"http","message":"::1 GET /api/v1/user/verify-email/0d785c8b4e39dff9ac0f61fcc2dd8703af38f29c 489 - 293.295 ms"}
{"level":"http","message":"::1 GET /api/v1/user/verify-email/0d785c8b4e39dff9ac0f61fcc2dd8703af38f29c 489 - 973.181 ms"}
{"level":"http","message":"::1 GET /api/v1/user/verify-email/0d785c8b4e39dff9ac0f61fcc2dd8703af38f29c 489 - 189.888 ms"}
{"level":"http","message":"::1 GET /api/v1/user/verify-email/0d785c8b4e39dff9ac0f61fcc2dd8703af38f29c 489 - 142.729 ms"}
{"level":"http","message":"::1 GET /api/v1/user/verify-email/0d785c8b4e39dff9ac0f61fcc2dd8703af38f29c?userId 400 - 4.612 ms"}
{"level":"http","message":"::1 POST /api/v1/user/register 200 - 2537.370 ms"}
{"level":"http","message":"::1 GET /api/v1/user/verify-email/6ee0e9246a99d22bc18cee4e845ab9fc6e3b577e?userId=678233d6d2da1592defc5c26 400 - 2.515 ms"}
{"level":"http","message":"::1 GET /api/v1/user/verify-email/6ee0e9246a99d22bc18cee4e845ab9fc6e3b577e?userId=678233d6d2da1592defc5c26 400 - 1.639 ms"}
{"level":"http","message":"::1 GET /api/v1/user/verify-email/6ee0e9246a99d22bc18cee4e845ab9fc6e3b577e?userId=678233d6d2da1592defc5c26 500 - 11.507 ms"}
{"level":"http","message":"::1 GET /api/v1/user/verify-email/6ee0e9246a99d22bc18cee4e845ab9fc6e3b577e?userId=678233d6d2da1592defc5c26 500 - 3.364 ms"}
{"level":"http","message":"::1 GET /api/v1/user/verify-email/6ee0e9246a99d22bc18cee4e845ab9fc6e3b577e?userId=678233d6d2da1592defc5c26 500 - 3.923 ms"}
{"level":"http","message":"::1 GET /api/v1/user/verify-email/6ee0e9246a99d22bc18cee4e845ab9fc6e3b577e?userId=678233d6d2da1592defc5c26 500 - 1.574 ms"}
{"level":"http","message":"::1 GET /api/v1/user/verify-email/6ee0e9246a99d22bc18cee4e845ab9fc6e3b577e?userId=678233d6d2da1592defc5c26 400 - 404.492 ms"}
{"level":"http","message":"::1 POST /api/v1/user/register 200 - 8534.882 ms"}
{"level":"http","message":"::1 GET /api/v1/user/verify-email/6ee0e9246a99d22bc18cee4e845ab9fc6e3b577e?userId=678233d6d2da1592defc5c26 489 - 375.725 ms"}
{"level":"http","message":"::1 GET /api/v1/user/verify-email/6ee0e9246a99d22bc18cee4e845ab9fc6e3b577e?userId=678233d6d2da1592defc5c26 489 - 247.111 ms"}
{"level":"http","message":"::1 GET /api/v1/user/verify-email/6ee0e9246a99d22bc18cee4e845ab9fc6e3b577e?userId=678233d6d2da1592defc5c26 489 - 148.812 ms"}
{"level":"http","message":"::1 GET /api/v1/user/verify-email/6ee0e9246a99d22bc18cee4e845ab9fc6e3b577e?userId=678233d6d2da1592defc5c26 489 - 338.575 ms"}
{"level":"http","message":"::1 GET /api/v1/user/verify-email/6ee0e9246a99d22bc18cee4e845ab9fc6e3b577e?userId=67823518d323f04adc796852 400 - 1538.393 ms"}
{"level":"http","message":"::1 POST /api/v1/user/register 200 - 7372.209 ms"}
{"level":"http","message":"::1 GET /api/v1/user/verify-email/28aa458bd37a05292affe57a92c7aba68dbe94d0?userId=67823815a5b13c49420e5a26 400 - 1877.730 ms"}
{"level":"http","message":"::1 GET /api/v1/user/verify-email/6ee0e9246a99d22bc18cee4e845ab9fc6e3b577e?userId=67823518d323f04adc796852 489 - 103.998 ms"}
{"level":"http","message":"::1 POST /api/v1/user/register 200 - 2234.801 ms"}
{"level":"http","message":"::1 GET /api/v1/user/verify-email/46cd14a71364cb663c9a4e3ea5a94cdb57148a08?userId=67825ca47595182b623b4df7 400 - 261.989 ms"}
{"level":"http","message":"::1 GET /api/v1/user/verify-email/46cd14a71364cb663c9a4e3ea5a94cdb57148a08?userId=67825ca47595182b623b4df7 400 - 100.130 ms"}
{"level":"http","message":"::1 GET /api/v1/user/verify-email/46cd14a71364cb663c9a4e3ea5a94cdb57148a08?userId=67825ca47595182b623b4df7 400 - 409.831 ms"}
{"level":"http","message":"::1 GET /api/v1/user/verify-email/46cd14a71364cb663c9a4e3ea5a94cdb57148a08?userId=67825ca47595182b623b4df7 400 - 105.513 ms"}
{"level":"http","message":"::1 POST /api/v1/user/register 200 - 2135.426 ms"}
{"level":"http","message":"::1 GET /api/v1/user/verify-email/64a191623caee695e4621b8d3182f476628e8fbe?userId=67825e3be00bd669f9a05859 400 - 98.146 ms"}
{"level":"http","message":"::1 POST /api/v1/user/register 200 - 2075.485 ms"}
{"level":"http","message":"::1 POST /api/v1/user/register 200 - 2646.263 ms"}
{"level":"http","message":"::1 POST /api/v1/user/register 200 - 2326.766 ms"}
{"level":"http","message":"::1 GET /api/v1/user/verify-email/138b7c85ad70e6eaa55f03c7ff33c853078e580f?userId=67825ff988c83d095196d04d 400 - 116.810 ms"}
{"level":"http","message":"::1 POST /api/v1/user/register 200 - 2144.073 ms"}
{"level":"http","message":"::1 GET /api/v1/user/verify-email/fe9e8f9e7c87b666915ad9a48f5482b090a28d1d?userId=678260f7240fd1f6ce3eb0a8 500 - 91.315 ms"}
{"level":"http","message":"::1 GET /api/v1/user/verify-email/fe9e8f9e7c87b666915ad9a48f5482b090a28d1d?userId=678260f7240fd1f6ce3eb0a8 400 - 1343.634 ms"}
{"level":"http","message":"::1 GET /api/v1/user/verify-email/fe9e8f9e7c87b666915ad9a48f5482b090a28d1d?userId=678260f7240fd1f6ce3eb0a8 400 - 111.292 ms"}
{"level":"http","message":"::1 POST /api/v1/user/register 200 - 3000.311 ms"}
{"level":"http","message":"::1 GET /api/v1/user/verify-email/d42c6fa55574cff451665e4ab9498e297d2a6fe7?userId=6782631a562e8b843fd6160e 400 - 131.307 ms"}
{"level":"http","message":"::1 POST /api/v1/user/register 200 - 2467.864 ms"}
{"level":"http","message":"::1 GET /api/v1/user/verify-email/de9d156c8c839a750977291cb9ec83dcdd74ba57?userId=6782648fdb75a760679f8946 400 - 115.982 ms"}
{"level":"http","message":"::1 GET /api/v1/user/verify-email/d42c6fa55574cff451665e4ab9498e297d2a6fe7?userId=6782631a562e8b843fd6160e 400 - 75.084 ms"}
{"level":"http","message":"::1 GET /api/v1/user/verify-email/de9d156c8c839a750977291cb9ec83dcdd74ba57?userId=6782648fdb75a760679f8946 400 - 106.683 ms"}
{"level":"http","message":"::1 POST /api/v1/user/register 200 - 2301.693 ms"}
{"level":"http","message":"::ffff:127.0.0.1 GET /api/v1/user/verify-email/6cf2352bf459925137f292924f0c258c846388d0?userId=67826630b483989ab0a645f7 400 - 1692.969 ms"}
{"level":"http","message":"::1 GET /api/v1/user/verify-email/6cf2352bf459925137f292924f0c258c846388d0?userId=67826630b483989ab0a645f7 400 - 316.920 ms"}
{"level":"http","message":"::1 POST /api/v1/user/register 200 - 2999.683 ms"}
{"level":"http","message":"::1 GET /api/v1/user/verify-email/71105f0db75956691f7ec20f2c590132dfae3dd8?userId=678267b2a5187c1396388a97 500 - 771.844 ms"}
{"level":"http","message":"::1 POST /api/v1/user/register 200 - 2484.092 ms"}
{"level":"http","message":"::1 GET /api/v1/user/verify-email/3c2d7fdeeb391ea2553709e5e10f4e305491b492?userId=678268d38306070f6bbcaa59 400 - 223.090 ms"}
{"level":"http","message":"::1 GET /api/v1/user/verify-email/3c2d7fdeeb391ea2553709e5e10f4e305491b492?userId=678268d38306070f6bbcaa59 400 - 210.161 ms"}
{"level":"http","message":"::1 POST /api/v1/user/register 200 - 2360.107 ms"}
{"level":"http","message":"::1 POST /api/v1/user/register 200 - 2310.552 ms"}
{"level":"http","message":"::1 POST /api/v1/user/register 200 - 2581.153 ms"}
{"level":"http","message":"::1 GET /api/v1/user/verify-email/f4ae14532729ce7a5fc0cb51076b70275a4fcd81?userId=67826b4e936fbbd1edd958de - - - ms"}
{"level":"http","message":"::1 GET /api/v1/user/verify-email/f4ae14532729ce7a5fc0cb51076b70275a4fcd81?userId=67826b4e936fbbd1edd958de 400 - 1975.527 ms"}
{"level":"http","message":"::1 POST /api/v1/user/register - - - ms"}
{"level":"http","message":"::1 POST /api/v1/user/register 200 - 7290.087 ms"}
{"level":"http","message":"::1 GET /api/v1/user/verify-email/35c674f551684adf67ef6ae1973550d062388c48?userId=67826e4b20a51f91f42a3ef2 200 - 1142.750 ms"}
{"level":"http","message":"::1 POST /api/v1/user/register 200 - 4876.724 ms"}
{"level":"http","message":"::1 GET /api/v1/user/verify-email/6b5825f31daf822fb7e8a321ce5952840eda3436?userId=67826ece17ee1011a70807db 200 - 515.390 ms"}
{"level":"http","message":"::1 GET /api/v1/user/resend-verificationlink/67826ece17ee1011a70807db 409 - 121.859 ms"}
{"level":"http","message":"::1 POST /api/v1/user/register 200 - 4087.834 ms"}
{"level":"http","message":"::1 GET /api/v1/user/resend-verificationlink/67826ece17ee1011a70807db 404 - 149.421 ms"}
{"level":"http","message":"::1 POST /api/v1/user/register 200 - 4573.733 ms"}
{"level":"http","message":"::1 GET /api/v1/user/resend-verificationlink/67827411453f3018cf8339b 500 - 3.987 ms"}
{"level":"http","message":"::1 GET /api/v1/user/resend-verificationlink/67827411453f3018cf8339b 500 - 12.755 ms"}
{"level":"http","message":"::1 GET /api/v1/user/resend-verificationlink/67827411453f3018cf8339b 500 - 2.793 ms"}
{"level":"http","message":"::1 GET /api/v1/user/resend-verificationlink/67827411453f3018cf8339b 500 - 2.529 ms"}
{"level":"http","message":"::1 GET /api/v1/user/resend-verificationlink/67827411453f3018cf8339b 500 - 2.159 ms"}
{"level":"http","message":"::1 GET /api/v1/user/resend-verificationlink/67827411453f3018cf8339b 500 - 2.989 ms"}
{"level":"http","message":"::1 GET /api/v1/user/resend-verificationlink/67827411453f3018cf8339b 500 - 4.716 ms"}
{"level":"http","message":"::1 GET /api/v1/user/resend-verificationlink/67827411453f3018cf8339b 500 - 3.341 ms"}
{"level":"http","message":"::1 GET /api/v1/user/resend-verificationlink/67827411453f3018cf8339b 500 - 4.549 ms"}
{"level":"http","message":"::1 GET /api/v1/user/resend-verificationlink/67827411453f3018cf8339b 500 - 2.785 ms"}
{"level":"http","message":"::1 GET /api/v1/user/resend-verificationlink/67827411453f3018cf8339b 500 - 3.060 ms"}
{"level":"http","message":"::1 GET /api/v1/user/resend-verificationlink/67827411453f3018cf8339b 500 - 6.567 ms"}
{"level":"http","message":"::1 GET /api/v1/user/resend-verificationlink/67827411453f3018cf8339bc 200 - 2986.049 ms"}
{"level":"http","message":"::1 GET /api/v1/user/verify-email/384a5ee203320b5b996f9bf2694a42016819a2ac?userId=67827411453f3018cf8339bc 400 - 253.798 ms"}
{"level":"http","message":"::ffff:127.0.0.1 POST /api/v1/user/register 409 - 148.209 ms"}
{"level":"http","message":"::ffff:127.0.0.1 POST /api/v1/user/register 200 - 2952.475 ms"}
{"level":"http","message":"::1 GET /api/v1/user/potential 200 - 1.767 ms"}
{"level":"http","message":"::1 GET /api/v1/user/register 500 - 2.562 ms"}
{"level":"http","message":"::1 POST /api/v1/user/register 200 - 2388.226 ms"}
{"level":"http","message":"::1 GET /api/v1/user/verify-email/2753c387fac3285266c8d7454894f2dfecb9c0c1?userId=6784e09d281ae6a8a1d03cf6 400 - 1166.433 ms"}
{"level":"http","message":"::1 GET /api/v1/user/verify-email/2753c387fac3285266c8d7454894f2dfecb9c0c1?userId=6784e09d281ae6a8a1d03cf6 400 - 245.998 ms"}
{"level":"http","message":"::1 GET /api/v1/user/verify-email/2753c387fac3285266c8d7454894f2dfecb9c0c1?userId=6784e09d281ae6a8a1d03cf6 400 - 95.069 ms"}
{"level":"http","message":"::1 GET /api/v1/user/verify-email/2753c387fac3285266c8d7454894f2dfecb9c0c1?userId=6784e09d281ae6a8a1d03cf6 400 - 180.210 ms"}
{"level":"http","message":"::1 GET /api/v1/user/verify-email/2753c387fac3285266c8d7454894f2dfecb9c0c1?userId=6784e09d281ae6a8a1d03cf6 400 - 136.531 ms"}
{"level":"http","message":"::1 GET /api/v1/user/verify-email/2753c387fac3285266c8d7454894f2dfecb9c0c1?userId=6784e09d281ae6a8a1d03cf6 400 - 203.509 ms"}
{"level":"http","message":"::1 GET /api/v1/user/verify-email/2753c387fac3285266c8d7454894f2dfecb9c0c1?userId=6784e09d281ae6a8a1d03cf6 400 - 150.134 ms"}
{"level":"http","message":"::1 GET /api/v1/user/resend-verificationlink/6785143fcf307b34ad291f4d 500 - 3.327 ms"}
{"level":"http","message":"::1 POST /api/v1/user/register 200 - 2850.943 ms"}
{"level":"http","message":"::1 GET /api/v1/user/verify-email/68e65f57cd5cf8c5c2db0100630e4b67624fd30e/67851619cc53c6da30acba11 500 - 2.914 ms"}
{"level":"http","message":"::1 GET /api/v1/user/resend-verificationlink/6785143fcf307b34ad291f4d 500 - 2.726 ms"}
{"level":"http","message":"::1 POST /api/v1/user/register 200 - 2676.390 ms"}
{"level":"http","message":"::1 GET /api/v1/user/resend-verificationlink/6785171c77590415759ac759 404 - 230.579 ms"}
{"level":"http","message":"::1 GET /api/v1/user/resend-verificationlink/6785171c77590415759ac759 200 - 3781.492 ms"}
{"level":"http","message":"::1 GET /api/v1/user/verify-email/d2d6a7ce0fc3b7e604e91be1ad9a03afff556333?userId=6785171c77590415759ac759 500 - 177.820 ms"}
{"level":"http","message":"::1 GET /api/v1/user/resend-verificationlink/6785171c77590415759ac759 200 - 2590.397 ms"}
{"level":"http","message":"::1 GET /api/v1/user/verify-email/7e0b110e5c38dc5d29488f165d0448495c4afa00?userId=6785171c77590415759ac759 200 - 846.588 ms"}
{"level":"http","message":"::1 GET /api/v1/user/login 404 - 130.891 ms"}
{"level":"http","message":"::1 GET /api/v1/user/login 200 - 601.471 ms"}
{"level":"http","message":"::ffff:127.0.0.1 GET / 500 - 1.605 ms"}
{"level":"http","message":"::ffff:127.0.0.1 GET / 500 - 0.631 ms"}
